This file contains any messages produced by compilers while
running configure, to aid debugging if configure makes a mistake.

It was created by configure, which was
generated by GNU Autoconf 2.67.  Invocation command line was

  $ ./configure --enable-debug --enable-magick --no-create --no-recursion

## --------- ##
## Platform. ##
## --------- ##

hostname = intech-701
uname -m = i686
uname -r = 2.6.38-8-generic
uname -s = Linux
uname -v = #42-Ubuntu SMP Mon Apr 11 03:31:50 UTC 2011

/usr/bin/uname -p = unknown
/bin/uname -X     = unknown

/bin/arch              = unknown
/usr/bin/arch -k       = unknown
/usr/convex/getsysinfo = unknown
/usr/bin/hostinfo      = unknown
/bin/machine           = unknown
/usr/bin/oslevel       = unknown
/bin/universe          = unknown

PATH: /usr/local/sbin
PATH: /usr/local/bin
PATH: /usr/sbin
PATH: /usr/bin
PATH: /sbin
PATH: /bin
PATH: /usr/games


## ----------- ##
## Core tests. ##
## ----------- ##

configure:2601: checking for a BSD-compatible install
configure:2669: result: /usr/bin/install -c
configure:2680: checking whether build environment is sane
configure:2730: result: yes
configure:2871: checking for a thread-safe mkdir -p
configure:2910: result: /bin/mkdir -p
configure:2923: checking for gawk
configure:2953: result: no
configure:2923: checking for mawk
configure:2939: found /usr/bin/mawk
configure:2950: result: mawk
configure:2961: checking whether make sets $(MAKE)
configure:2983: result: yes
configure:3093: checking build system type
configure:3107: result: i686-pc-linux-gnu
configure:3127: checking host system type
configure:3140: result: i686-pc-linux-gnu
configure:3172: checking for style of include used by make
configure:3200: result: GNU
configure:3270: checking for gcc
configure:3286: found /usr/bin/gcc
configure:3297: result: gcc
configure:3526: checking for C compiler version
configure:3535: gcc --version >&5
gcc (Ubuntu/Linaro 4.5.2-8ubuntu4) 4.5.2
Copyright (C) 2010 Free Software Foundation, Inc.
This is free software; see the source for copying conditions.  There is NO
warranty; not even for MERCHANTABILITY or FITNESS FOR A PARTICULAR PURPOSE.

configure:3546: $? = 0
configure:3535: gcc -v >&5
Using built-in specs.
COLLECT_GCC=gcc
COLLECT_LTO_WRAPPER=/usr/lib/i386-linux-gnu/gcc/i686-linux-gnu/4.5.2/lto-wrapper
Target: i686-linux-gnu
Configured with: ../src/configure -v --with-pkgversion='Ubuntu/Linaro 4.5.2-8ubuntu4' --with-bugurl=file:///usr/share/doc/gcc-4.5/README.Bugs --enable-languages=c,c++,fortran,objc,obj-c++ --prefix=/usr --program-suffix=-4.5 --enable-shared --enable-multiarch --with-multiarch-defaults=i386-linux-gnu --enable-linker-build-id --with-system-zlib --libexecdir=/usr/lib/i386-linux-gnu --without-included-gettext --enable-threads=posix --with-gxx-include-dir=/usr/include/c++/4.5 --libdir=/usr/lib/i386-linux-gnu --enable-nls --with-sysroot=/ --enable-clocale=gnu --enable-libstdcxx-debug --enable-libstdcxx-time=yes --enable-plugin --enable-gold --enable-ld=default --with-plugin-ld=ld.gold --enable-objc-gc --enable-targets=all --disable-werror --with-arch-32=i686 --with-tune=generic --enable-checking=release --build=i686-linux-gnu --host=i686-linux-gnu --target=i686-linux-gnu
Thread model: posix
gcc version 4.5.2 (Ubuntu/Linaro 4.5.2-8ubuntu4) 
configure:3546: $? = 0
configure:3535: gcc -V >&5
gcc: '-V' option must have argument
configure:3546: $? = 1
configure:3535: gcc -qversion >&5
gcc: unrecognized option '-qversion'
gcc: no input files
configure:3546: $? = 1
configure:3566: checking whether the C compiler works
configure:3588: gcc    conftest.c  >&5
configure:3592: $? = 0
configure:3640: result: yes
configure:3643: checking for C compiler default output file name
configure:3645: result: a.out
configure:3651: checking for suffix of executables
configure:3658: gcc -o conftest    conftest.c  >&5
configure:3662: $? = 0
configure:3684: result: 
configure:3706: checking whether we are cross compiling
configure:3714: gcc -o conftest    conftest.c  >&5
configure:3718: $? = 0
configure:3725: ./conftest
configure:3729: $? = 0
configure:3744: result: no
configure:3749: checking for suffix of object files
configure:3771: gcc -c   conftest.c >&5
configure:3775: $? = 0
configure:3796: result: o
configure:3800: checking whether we are using the GNU C compiler
configure:3819: gcc -c   conftest.c >&5
configure:3819: $? = 0
configure:3828: result: yes
configure:3837: checking whether gcc accepts -g
configure:3857: gcc -c -g  conftest.c >&5
configure:3857: $? = 0
configure:3898: result: yes
configure:3915: checking for gcc option to accept ISO C89
configure:3979: gcc  -c -g -O2  conftest.c >&5
configure:3979: $? = 0
configure:3992: result: none needed
configure:4014: checking dependency style of gcc
configure:4124: result: gcc3
configure:4139: checking for a sed that does not truncate output
configure:4203: result: /bin/sed
configure:4221: checking for grep that handles long lines and -e
configure:4279: result: /bin/grep
configure:4284: checking for egrep
configure:4346: result: /bin/grep -E
configure:4351: checking for fgrep
configure:4413: result: /bin/grep -F
configure:4448: checking for ld used by gcc
configure:4515: result: /usr/bin/ld
configure:4522: checking if the linker (/usr/bin/ld) is GNU ld
configure:4537: result: yes
configure:4549: checking for BSD- or MS-compatible name lister (nm)
configure:4598: result: /usr/bin/nm -B
configure:4716: checking the name lister (/usr/bin/nm -B) interface
configure:4723: gcc -c -g -O2  conftest.c >&5
configure:4726: /usr/bin/nm -B "conftest.o"
configure:4729: output
00000000 B some_variable
configure:4736: result: BSD nm
configure:4739: checking whether ln -s works
configure:4743: result: yes
configure:4751: checking the maximum length of command line arguments
configure:4871: result: 805306365
configure:4888: checking whether the shell understands some XSI constructs
configure:4898: result: yes
configure:4902: checking whether the shell understands "+="
configure:4908: result: yes
configure:4943: checking for /usr/bin/ld option to reload object files
configure:4950: result: -r
configure:5019: checking for objdump
configure:5035: found /usr/bin/objdump
configure:5046: result: objdump
configure:5078: checking how to recognize dependent libraries
configure:5274: result: pass_all
configure:5334: checking for ar
configure:5350: found /usr/bin/ar
configure:5361: result: ar
configure:5439: checking for strip
configure:5455: found /usr/bin/strip
configure:5466: result: strip
configure:5538: checking for ranlib
configure:5554: found /usr/bin/ranlib
configure:5565: result: ranlib
configure:5655: checking command to parse /usr/bin/nm -B output from gcc object
configure:5773: gcc -c -g -O2  conftest.c >&5
configure:5776: $? = 0
configure:5780: /usr/bin/nm -B conftest.o \| sed -n -e 's/^.*[	 ]\([ABCDGIRSTW][ABCDGIRSTW]*\)[	 ][	 ]*\([_A-Za-z][_A-Za-z0-9]*\)$/\1 \2 \2/p' \> conftest.nm
configure:5783: $? = 0
configure:5837: gcc -o conftest -g -O2   conftest.c conftstm.o >&5
configure:5840: $? = 0
configure:5878: result: ok
configure:6687: checking how to run the C preprocessor
configure:6718: gcc -E  conftest.c
configure:6718: $? = 0
configure:6732: gcc -E  conftest.c
conftest.c:11:28: fatal error: ac_nonexistent.h: No such file or directory
compilation terminated.
configure:6732: $? = 1
configure: failed program was:
| /* confdefs.h */
| #define PACKAGE_NAME ""
| #define PACKAGE_TARNAME ""
| #define PACKAGE_VERSION ""
| #define PACKAGE_STRING ""
| #define PACKAGE_BUGREPORT ""
| #define PACKAGE_URL ""
| #define PACKAGE "libChessUp"
| #define VERSION "0.5"
| /* end confdefs.h.  */
| #include <ac_nonexistent.h>
configure:6757: result: gcc -E
configure:6777: gcc -E  conftest.c
configure:6777: $? = 0
configure:6791: gcc -E  conftest.c
conftest.c:11:28: fatal error: ac_nonexistent.h: No such file or directory
compilation terminated.
configure:6791: $? = 1
configure: failed program was:
| /* confdefs.h */
| #define PACKAGE_NAME ""
| #define PACKAGE_TARNAME ""
| #define PACKAGE_VERSION ""
| #define PACKAGE_STRING ""
| #define PACKAGE_BUGREPORT ""
| #define PACKAGE_URL ""
| #define PACKAGE "libChessUp"
| #define VERSION "0.5"
| /* end confdefs.h.  */
| #include <ac_nonexistent.h>
configure:6820: checking for ANSI C header files
configure:6840: gcc -c -g -O2  conftest.c >&5
configure:6840: $? = 0
configure:6913: gcc -o conftest -g -O2   conftest.c  >&5
configure:6913: $? = 0
configure:6913: ./conftest
configure:6913: $? = 0
configure:6924: result: yes
configure:6937: checking for sys/types.h
configure:6937: gcc -c -g -O2  conftest.c >&5
configure:6937: $? = 0
configure:6937: result: yes
configure:6937: checking for sys/stat.h
configure:6937: gcc -c -g -O2  conftest.c >&5
configure:6937: $? = 0
configure:6937: result: yes
configure:6937: checking for stdlib.h
configure:6937: gcc -c -g -O2  conftest.c >&5
configure:6937: $? = 0
configure:6937: result: yes
configure:6937: checking for string.h
configure:6937: gcc -c -g -O2  conftest.c >&5
configure:6937: $? = 0
configure:6937: result: yes
configure:6937: checking for memory.h
configure:6937: gcc -c -g -O2  conftest.c >&5
configure:6937: $? = 0
configure:6937: result: yes
configure:6937: checking for strings.h
configure:6937: gcc -c -g -O2  conftest.c >&5
configure:6937: $? = 0
configure:6937: result: yes
configure:6937: checking for inttypes.h
configure:6937: gcc -c -g -O2  conftest.c >&5
configure:6937: $? = 0
configure:6937: result: yes
configure:6937: checking for stdint.h
configure:6937: gcc -c -g -O2  conftest.c >&5
configure:6937: $? = 0
configure:6937: result: yes
configure:6937: checking for unistd.h
configure:6937: gcc -c -g -O2  conftest.c >&5
configure:6937: $? = 0
configure:6937: result: yes
configure:6951: checking for dlfcn.h
configure:6951: gcc -c -g -O2  conftest.c >&5
configure:6951: $? = 0
configure:6951: result: yes
configure:7135: checking for objdir
configure:7150: result: .libs
configure:7442: checking if gcc supports -fno-rtti -fno-exceptions
configure:7460: gcc -c -g -O2  -fno-rtti -fno-exceptions conftest.c >&5
cc1: warning: command line option "-fno-rtti" is valid for C++/ObjC++ but not for C
configure:7464: $? = 0
configure:7477: result: no
configure:7497: checking for gcc option to produce PIC
configure:7769: result: -fPIC -DPIC
configure:7781: checking if gcc PIC flag -fPIC -DPIC works
configure:7799: gcc -c -g -O2  -fPIC -DPIC -DPIC conftest.c >&5
configure:7803: $? = 0
configure:7816: result: yes
configure:7840: checking if gcc static flag -static works
configure:7868: result: yes
configure:7883: checking if gcc supports -c -o file.o
configure:7904: gcc -c -g -O2  -o out/conftest2.o conftest.c >&5
configure:7908: $? = 0
configure:7930: result: yes
configure:7938: checking if gcc supports -c -o file.o
configure:7985: result: yes
configure:8018: checking whether the gcc linker (/usr/bin/ld) supports shared libraries
configure:9009: result: yes
configure:9046: checking whether -lc should be explicitly linked in
configure:9051: gcc -c -g -O2  conftest.c >&5
configure:9054: $? = 0
configure:9069: gcc -shared conftest.o  -v -Wl,-soname -Wl,conftest -o conftest 2\>\&1 \| /bin/grep  -lc  \>/dev/null 2\>\&1
configure:9072: $? = 0
configure:9084: result: no
configure:9248: checking dynamic linker characteristics
configure:9681: gcc -o conftest -g -O2   -Wl,-rpath -Wl,/foo conftest.c  >&5
configure:9681: $? = 0
configure:9911: result: GNU/Linux ld.so
configure:10013: checking how to hardcode library paths into programs
configure:10038: result: immediate
configure:10558: checking whether stripping libraries is possible
configure:10563: result: yes
configure:10598: checking if libtool supports shared libraries
configure:10600: result: yes
configure:10603: checking whether to build shared libraries
configure:10624: result: yes
configure:10627: checking whether to build static libraries
configure:10631: result: yes
configure:10732: checking for g++
configure:10748: found /usr/bin/g++
configure:10759: result: g++
configure:10786: checking for C++ compiler version
configure:10795: g++ --version >&5
g++ (Ubuntu/Linaro 4.5.2-8ubuntu4) 4.5.2
Copyright (C) 2010 Free Software Foundation, Inc.
This is free software; see the source for copying conditions.  There is NO
warranty; not even for MERCHANTABILITY or FITNESS FOR A PARTICULAR PURPOSE.

configure:10806: $? = 0
configure:10795: g++ -v >&5
Using built-in specs.
COLLECT_GCC=g++
COLLECT_LTO_WRAPPER=/usr/lib/i386-linux-gnu/gcc/i686-linux-gnu/4.5.2/lto-wrapper
Target: i686-linux-gnu
Configured with: ../src/configure -v --with-pkgversion='Ubuntu/Linaro 4.5.2-8ubuntu4' --with-bugurl=file:///usr/share/doc/gcc-4.5/README.Bugs --enable-languages=c,c++,fortran,objc,obj-c++ --prefix=/usr --program-suffix=-4.5 --enable-shared --enable-multiarch --with-multiarch-defaults=i386-linux-gnu --enable-linker-build-id --with-system-zlib --libexecdir=/usr/lib/i386-linux-gnu --without-included-gettext --enable-threads=posix --with-gxx-include-dir=/usr/include/c++/4.5 --libdir=/usr/lib/i386-linux-gnu --enable-nls --with-sysroot=/ --enable-clocale=gnu --enable-libstdcxx-debug --enable-libstdcxx-time=yes --enable-plugin --enable-gold --enable-ld=default --with-plugin-ld=ld.gold --enable-objc-gc --enable-targets=all --disable-werror --with-arch-32=i686 --with-tune=generic --enable-checking=release --build=i686-linux-gnu --host=i686-linux-gnu --target=i686-linux-gnu
Thread model: posix
gcc version 4.5.2 (Ubuntu/Linaro 4.5.2-8ubuntu4) 
configure:10806: $? = 0
configure:10795: g++ -V >&5
g++: '-V' option must have argument
configure:10806: $? = 1
configure:10795: g++ -qversion >&5
g++: unrecognized option '-qversion'
g++: no input files
configure:10806: $? = 1
configure:10810: checking whether we are using the GNU C++ compiler
configure:10829: g++ -c   conftest.cpp >&5
configure:10829: $? = 0
configure:10838: result: yes
configure:10847: checking whether g++ accepts -g
configure:10867: g++ -c -g  conftest.cpp >&5
configure:10867: $? = 0
configure:10908: result: yes
configure:10933: checking dependency style of g++
configure:11043: result: gcc3
configure:11171: checking for C++ compiler version
configure:11180: g++ --version >&5
g++ (Ubuntu/Linaro 4.5.2-8ubuntu4) 4.5.2
Copyright (C) 2010 Free Software Foundation, Inc.
This is free software; see the source for copying conditions.  There is NO
warranty; not even for MERCHANTABILITY or FITNESS FOR A PARTICULAR PURPOSE.

configure:11191: $? = 0
configure:11180: g++ -v >&5
Using built-in specs.
COLLECT_GCC=g++
COLLECT_LTO_WRAPPER=/usr/lib/i386-linux-gnu/gcc/i686-linux-gnu/4.5.2/lto-wrapper
Target: i686-linux-gnu
Configured with: ../src/configure -v --with-pkgversion='Ubuntu/Linaro 4.5.2-8ubuntu4' --with-bugurl=file:///usr/share/doc/gcc-4.5/README.Bugs --enable-languages=c,c++,fortran,objc,obj-c++ --prefix=/usr --program-suffix=-4.5 --enable-shared --enable-multiarch --with-multiarch-defaults=i386-linux-gnu --enable-linker-build-id --with-system-zlib --libexecdir=/usr/lib/i386-linux-gnu --without-included-gettext --enable-threads=posix --with-gxx-include-dir=/usr/include/c++/4.5 --libdir=/usr/lib/i386-linux-gnu --enable-nls --with-sysroot=/ --enable-clocale=gnu --enable-libstdcxx-debug --enable-libstdcxx-time=yes --enable-plugin --enable-gold --enable-ld=default --with-plugin-ld=ld.gold --enable-objc-gc --enable-targets=all --disable-werror --with-arch-32=i686 --with-tune=generic --enable-checking=release --build=i686-linux-gnu --host=i686-linux-gnu --target=i686-linux-gnu
Thread model: posix
gcc version 4.5.2 (Ubuntu/Linaro 4.5.2-8ubuntu4) 
configure:11191: $? = 0
configure:11180: g++ -V >&5
g++: '-V' option must have argument
configure:11191: $? = 1
configure:11180: g++ -qversion >&5
g++: unrecognized option '-qversion'
g++: no input files
configure:11191: $? = 1
configure:11195: checking whether we are using the GNU C++ compiler
configure:11223: result: yes
configure:11232: checking whether g++ accepts -g
configure:11293: result: yes
configure:11318: checking dependency style of g++
configure:11428: result: gcc3
configure:11451: checking how to run the C++ preprocessor
configure:11478: g++ -E  conftest.cpp
configure:11478: $? = 0
configure:11492: g++ -E  conftest.cpp
conftest.cpp:23:28: fatal error: ac_nonexistent.h: No such file or directory
compilation terminated.
configure:11492: $? = 1
configure: failed program was:
| /* confdefs.h */
| #define PACKAGE_NAME ""
| #define PACKAGE_TARNAME ""
| #define PACKAGE_VERSION ""
| #define PACKAGE_STRING ""
| #define PACKAGE_BUGREPORT ""
| #define PACKAGE_URL ""
| #define PACKAGE "libChessUp"
| #define VERSION "0.5"
| #define STDC_HEADERS 1
| #define HAVE_SYS_TYPES_H 1
| #define HAVE_SYS_STAT_H 1
| #define HAVE_STDLIB_H 1
| #define HAVE_STRING_H 1
| #define HAVE_MEMORY_H 1
| #define HAVE_STRINGS_H 1
| #define HAVE_INTTYPES_H 1
| #define HAVE_STDINT_H 1
| #define HAVE_UNISTD_H 1
| #define HAVE_DLFCN_H 1
| #define LT_OBJDIR ".libs/"
| /* end confdefs.h.  */
| #include <ac_nonexistent.h>
configure:11517: result: g++ -E
configure:11537: g++ -E  conftest.cpp
configure:11537: $? = 0
configure:11551: g++ -E  conftest.cpp
conftest.cpp:23:28: fatal error: ac_nonexistent.h: No such file or directory
compilation terminated.
configure:11551: $? = 1
configure: failed program was:
| /* confdefs.h */
| #define PACKAGE_NAME ""
| #define PACKAGE_TARNAME ""
| #define PACKAGE_VERSION ""
| #define PACKAGE_STRING ""
| #define PACKAGE_BUGREPORT ""
| #define PACKAGE_URL ""
| #define PACKAGE "libChessUp"
| #define VERSION "0.5"
| #define STDC_HEADERS 1
| #define HAVE_SYS_TYPES_H 1
| #define HAVE_SYS_STAT_H 1
| #define HAVE_STDLIB_H 1
| #define HAVE_STRING_H 1
| #define HAVE_MEMORY_H 1
| #define HAVE_STRINGS_H 1
| #define HAVE_INTTYPES_H 1
| #define HAVE_STDINT_H 1
| #define HAVE_UNISTD_H 1
| #define HAVE_DLFCN_H 1
| #define LT_OBJDIR ".libs/"
| /* end confdefs.h.  */
| #include <ac_nonexistent.h>
configure:11719: checking for ld used by g++
configure:11786: result: /usr/bin/ld
configure:11793: checking if the linker (/usr/bin/ld) is GNU ld
configure:11808: result: yes
configure:11863: checking whether the g++ linker (/usr/bin/ld) supports shared libraries
configure:12776: result: yes
configure:12804: g++ -c -g -O2  conftest.cpp >&5
configure:12807: $? = 0
configure:12989: checking for g++ option to produce PIC
configure:13306: result: -fPIC -DPIC
configure:13315: checking if g++ PIC flag -fPIC -DPIC works
configure:13333: g++ -c -g -O2  -fPIC -DPIC -DPIC conftest.cpp >&5
configure:13337: $? = 0
configure:13350: result: yes
configure:13371: checking if g++ static flag -static works
configure:13399: result: yes
configure:13411: checking if g++ supports -c -o file.o
configure:13432: g++ -c -g -O2  -o out/conftest2.o conftest.cpp >&5
configure:13436: $? = 0
configure:13458: result: yes
configure:13463: checking if g++ supports -c -o file.o
configure:13510: result: yes
configure:13540: checking whether the g++ linker (/usr/bin/ld) supports shared libraries
configure:13569: result: yes
configure:13706: checking dynamic linker characteristics
configure:14087: g++ -o conftest -g -O2   -Wl,-rpath -Wl,/foo conftest.cpp  >&5
configure:14087: $? = 0
configure:14317: result: GNU/Linux ld.so
configure:14368: checking how to hardcode library paths into programs
configure:14393: result: immediate
configure:14480: checking for gcc
configure:14507: result: gcc
configure:14736: checking for C compiler version
configure:14745: gcc --version >&5
gcc (Ubuntu/Linaro 4.5.2-8ubuntu4) 4.5.2
Copyright (C) 2010 Free Software Foundation, Inc.
This is free software; see the source for copying conditions.  There is NO
warranty; not even for MERCHANTABILITY or FITNESS FOR A PARTICULAR PURPOSE.

configure:14756: $? = 0
configure:14745: gcc -v >&5
Using built-in specs.
COLLECT_GCC=gcc
COLLECT_LTO_WRAPPER=/usr/lib/i386-linux-gnu/gcc/i686-linux-gnu/4.5.2/lto-wrapper
Target: i686-linux-gnu
Configured with: ../src/configure -v --with-pkgversion='Ubuntu/Linaro 4.5.2-8ubuntu4' --with-bugurl=file:///usr/share/doc/gcc-4.5/README.Bugs --enable-languages=c,c++,fortran,objc,obj-c++ --prefix=/usr --program-suffix=-4.5 --enable-shared --enable-multiarch --with-multiarch-defaults=i386-linux-gnu --enable-linker-build-id --with-system-zlib --libexecdir=/usr/lib/i386-linux-gnu --without-included-gettext --enable-threads=posix --with-gxx-include-dir=/usr/include/c++/4.5 --libdir=/usr/lib/i386-linux-gnu --enable-nls --with-sysroot=/ --enable-clocale=gnu --enable-libstdcxx-debug --enable-libstdcxx-time=yes --enable-plugin --enable-gold --enable-ld=default --with-plugin-ld=ld.gold --enable-objc-gc --enable-targets=all --disable-werror --with-arch-32=i686 --with-tune=generic --enable-checking=release --build=i686-linux-gnu --host=i686-linux-gnu --target=i686-linux-gnu
Thread model: posix
gcc version 4.5.2 (Ubuntu/Linaro 4.5.2-8ubuntu4) 
configure:14756: $? = 0
configure:14745: gcc -V >&5
gcc: '-V' option must have argument
configure:14756: $? = 1
configure:14745: gcc -qversion >&5
gcc: unrecognized option '-qversion'
gcc: no input files
configure:14756: $? = 1
configure:14760: checking whether we are using the GNU C compiler
configure:14788: result: yes
configure:14797: checking whether gcc accepts -g
configure:14858: result: yes
configure:14875: checking for gcc option to accept ISO C89
configure:14952: result: none needed
configure:14974: checking dependency style of gcc
configure:15084: result: gcc3
configure:15102: checking for swig
configure:15118: found /usr/bin/swig
configure:15129: result: :
configure:15188: checking boost/thread.hpp usability
configure:15188: g++ -c -g -O2  -g -O2 -pthread -I/usr/include/ImageMagick -I/usr/lib/ruby/1.8/i686-linux/ conftest.cpp >&5
configure:15188: $? = 0
configure:15188: result: yes
configure:15188: checking boost/thread.hpp presence
configure:15188: g++ -E  -g -O2 -pthread -I/usr/include/ImageMagick -I/usr/lib/ruby/1.8/i686-linux/ conftest.cpp
configure:15188: $? = 0
configure:15188: result: yes
configure:15188: checking for boost/thread.hpp
configure:15188: result: yes
configure:15202: checking SerialStream.h usability
configure:15202: g++ -c -g -O2  -g -O2 -pthread -I/usr/include/ImageMagick -I/usr/lib/ruby/1.8/i686-linux/ conftest.cpp >&5
configure:15202: $? = 0
configure:15202: result: yes
configure:15202: checking SerialStream.h presence
configure:15202: g++ -E  -g -O2 -pthread -I/usr/include/ImageMagick -I/usr/lib/ruby/1.8/i686-linux/ conftest.cpp
configure:15202: $? = 0
configure:15202: result: yes
configure:15202: checking for SerialStream.h
configure:15202: result: yes
configure:15216: checking usb.h usability
configure:15216: g++ -c -g -O2  -g -O2 -pthread -I/usr/include/ImageMagick -I/usr/lib/ruby/1.8/i686-linux/ conftest.cpp >&5
configure:15216: $? = 0
configure:15216: result: yes
configure:15216: checking usb.h presence
configure:15216: g++ -E  -g -O2 -pthread -I/usr/include/ImageMagick -I/usr/lib/ruby/1.8/i686-linux/ conftest.cpp
configure:15216: $? = 0
configure:15216: result: yes
configure:15216: checking for usb.h
configure:15216: result: yes
configure:15230: checking ruby.h usability
configure:15230: g++ -c -g -O2  -g -O2 -pthread -I/usr/include/ImageMagick -I/usr/lib/ruby/1.8/i686-linux/ conftest.cpp >&5
configure:15230: $? = 0
configure:15230: result: yes
configure:15230: checking ruby.h presence
configure:15230: g++ -E  -g -O2 -pthread -I/usr/include/ImageMagick -I/usr/lib/ruby/1.8/i686-linux/ conftest.cpp
configure:15230: $? = 0
configure:15230: result: yes
configure:15230: checking for ruby.h
configure:15230: result: yes
configure:15242: checking for sqrt in -lm
configure:15267: g++ -o conftest -g -O2  -g -O2 -pthread -I/usr/include/ImageMagick -I/usr/lib/ruby/1.8/i686-linux/  -L/usr/lib -Wl,-Bsymbolic-functions -L/usr/lib/X11 -L/usr/lib -lMagick++ -lMagickWand -lMagickCore -llcms -ltiff -lfreetype -ljpeg -llqr-1 -lglib-2.0 -lfontconfig -lXext -lSM -lICE -lX11 -lXt -lbz2 -lz -lm -lgomp -lpthread -lltdl -lboost_thread -lserial -lusb -lm conftest.cpp -lm   >&5
configure:15267: $? = 0
configure:15276: result: yes
configure:15287: checking for pthread_create in -lpthread
configure:15312: g++ -o conftest -g -O2  -g -O2 -pthread -I/usr/include/ImageMagick -I/usr/lib/ruby/1.8/i686-linux/  -L/usr/lib -Wl,-Bsymbolic-functions -L/usr/lib/X11 -L/usr/lib -lMagick++ -lMagickWand -lMagickCore -llcms -ltiff -lfreetype -ljpeg -llqr-1 -lglib-2.0 -lfontconfig -lXext -lSM -lICE -lX11 -lXt -lbz2 -lz -lm -lgomp -lpthread -lltdl -lboost_thread -lserial -lusb -lm conftest.cpp -lpthread  -lm  >&5
configure:15312: $? = 0
configure:15321: result: yes
configure:15337: checking netinet/in.h usability
configure:15337: g++ -c -g -O2  -g -O2 -pthread -I/usr/include/ImageMagick -I/usr/lib/ruby/1.8/i686-linux/ conftest.cpp >&5
configure:15337: $? = 0
configure:15337: result: yes
configure:15337: checking netinet/in.h presence
configure:15337: g++ -E  -g -O2 -pthread -I/usr/include/ImageMagick -I/usr/lib/ruby/1.8/i686-linux/ conftest.cpp
configure:15337: $? = 0
configure:15337: result: yes
configure:15337: checking for netinet/in.h
configure:15337: result: yes
configure:15337: checking for stdlib.h
configure:15337: result: yes
configure:15337: checking for string.h
configure:15337: result: yes
configure:15337: checking sys/socket.h usability
configure:15337: g++ -c -g -O2  -g -O2 -pthread -I/usr/include/ImageMagick -I/usr/lib/ruby/1.8/i686-linux/ conftest.cpp >&5
configure:15337: $? = 0
configure:15337: result: yes
configure:15337: checking sys/socket.h presence
configure:15337: g++ -E  -g -O2 -pthread -I/usr/include/ImageMagick -I/usr/lib/ruby/1.8/i686-linux/ conftest.cpp
configure:15337: $? = 0
configure:15337: result: yes
configure:15337: checking for sys/socket.h
configure:15337: result: yes
configure:15337: checking for unistd.h
configure:15337: result: yes
configure:15349: checking for stdbool.h that conforms to C99
configure:15434: g++ -c -g -O2  -g -O2 -pthread -I/usr/include/ImageMagick -I/usr/lib/ruby/1.8/i686-linux/ conftest.cpp >&5
configure:15434: $? = 0
configure:15441: result: yes
configure:15443: checking for _Bool
configure:15443: g++ -c -g -O2  -g -O2 -pthread -I/usr/include/ImageMagick -I/usr/lib/ruby/1.8/i686-linux/ conftest.cpp >&5
conftest.cpp: In function 'int main()':
conftest.cpp:72:13: error: '_Bool' was not declared in this scope
configure:15443: $? = 1
configure: failed program was:
| /* confdefs.h */
| #define PACKAGE_NAME ""
| #define PACKAGE_TARNAME ""
| #define PACKAGE_VERSION ""
| #define PACKAGE_STRING ""
| #define PACKAGE_BUGREPORT ""
| #define PACKAGE_URL ""
| #define PACKAGE "libChessUp"
| #define VERSION "0.5"
| #define STDC_HEADERS 1
| #define HAVE_SYS_TYPES_H 1
| #define HAVE_SYS_STAT_H 1
| #define HAVE_STDLIB_H 1
| #define HAVE_STRING_H 1
| #define HAVE_MEMORY_H 1
| #define HAVE_STRINGS_H 1
| #define HAVE_INTTYPES_H 1
| #define HAVE_STDINT_H 1
| #define HAVE_UNISTD_H 1
| #define HAVE_DLFCN_H 1
| #define LT_OBJDIR ".libs/"
| #define DEBUG_GRAPHIQUE /**/
| #define DEBUG /**/
| #define HAVE_BOOST_THREAD_HPP 1
| #define HAVE_SERIALSTREAM_H 1
| #define HAVE_USB_H 1
| #define HAVE_RUBY_H 1
| #define HAVE_LIBM 1
| #define HAVE_LIBPTHREAD 1
| #define HAVE_NETINET_IN_H 1
| #define HAVE_STDLIB_H 1
| #define HAVE_STRING_H 1
| #define HAVE_SYS_SOCKET_H 1
| #define HAVE_UNISTD_H 1
| /* end confdefs.h.  */
| #include <stdio.h>
| #ifdef HAVE_SYS_TYPES_H
| # include <sys/types.h>
| #endif
| #ifdef HAVE_SYS_STAT_H
| # include <sys/stat.h>
| #endif
| #ifdef STDC_HEADERS
| # include <stdlib.h>
| # include <stddef.h>
| #else
| # ifdef HAVE_STDLIB_H
| #  include <stdlib.h>
| # endif
| #endif
| #ifdef HAVE_STRING_H
| # if !defined STDC_HEADERS && defined HAVE_MEMORY_H
| #  include <memory.h>
| # endif
| # include <string.h>
| #endif
| #ifdef HAVE_STRINGS_H
| # include <strings.h>
| #endif
| #ifdef HAVE_INTTYPES_H
| # include <inttypes.h>
| #endif
| #ifdef HAVE_STDINT_H
| # include <stdint.h>
| #endif
| #ifdef HAVE_UNISTD_H
| # include <unistd.h>
| #endif
| int
| main ()
| {
| if (sizeof (_Bool))
| 	 return 0;
|   ;
|   return 0;
| }
configure:15443: result: no
configure:15459: checking for inline
configure:15475: g++ -c -g -O2  -g -O2 -pthread -I/usr/include/ImageMagick -I/usr/lib/ruby/1.8/i686-linux/ conftest.cpp >&5
configure:15475: $? = 0
configure:15483: result: inline
configure:15506: checking for bzero
configure:15506: g++ -o conftest -g -O2  -g -O2 -pthread -I/usr/include/ImageMagick -I/usr/lib/ruby/1.8/i686-linux/  -L/usr/lib -Wl,-Bsymbolic-functions -L/usr/lib/X11 -L/usr/lib -lMagick++ -lMagickWand -lMagickCore -llcms -ltiff -lfreetype -ljpeg -llqr-1 -lglib-2.0 -lfontconfig -lXext -lSM -lICE -lX11 -lXt -lbz2 -lz -lm -lgomp -lpthread -lltdl -lboost_thread -lserial -lusb -lm conftest.cpp -lpthread -lm  >&5
configure:15506: $? = 0
configure:15506: result: yes
configure:15506: checking for floor
configure:15506: g++ -o conftest -g -O2  -g -O2 -pthread -I/usr/include/ImageMagick -I/usr/lib/ruby/1.8/i686-linux/  -L/usr/lib -Wl,-Bsymbolic-functions -L/usr/lib/X11 -L/usr/lib -lMagick++ -lMagickWand -lMagickCore -llcms -ltiff -lfreetype -ljpeg -llqr-1 -lglib-2.0 -lfontconfig -lXext -lSM -lICE -lX11 -lXt -lbz2 -lz -lm -lgomp -lpthread -lltdl -lboost_thread -lserial -lusb -lm conftest.cpp -lpthread -lm  >&5
configure:15506: $? = 0
configure:15506: result: yes
configure:15506: checking for socket
configure:15506: g++ -o conftest -g -O2  -g -O2 -pthread -I/usr/include/ImageMagick -I/usr/lib/ruby/1.8/i686-linux/  -L/usr/lib -Wl,-Bsymbolic-functions -L/usr/lib/X11 -L/usr/lib -lMagick++ -lMagickWand -lMagickCore -llcms -ltiff -lfreetype -ljpeg -llqr-1 -lglib-2.0 -lfontconfig -lXext -lSM -lICE -lX11 -lXt -lbz2 -lz -lm -lgomp -lpthread -lltdl -lboost_thread -lserial -lusb -lm conftest.cpp -lpthread -lm  >&5
configure:15506: $? = 0
configure:15506: result: yes
configure:15506: checking for sqrt
configure:15506: g++ -o conftest -g -O2  -g -O2 -pthread -I/usr/include/ImageMagick -I/usr/lib/ruby/1.8/i686-linux/  -L/usr/lib -Wl,-Bsymbolic-functions -L/usr/lib/X11 -L/usr/lib -lMagick++ -lMagickWand -lMagickCore -llcms -ltiff -lfreetype -ljpeg -llqr-1 -lglib-2.0 -lfontconfig -lXext -lSM -lICE -lX11 -lXt -lbz2 -lz -lm -lgomp -lpthread -lltdl -lboost_thread -lserial -lusb -lm conftest.cpp -lpthread -lm  >&5
configure:15506: $? = 0
configure:15506: result: yes
configure:15651: creating ./config.status

## ---------------- ##
## Cache variables. ##
## ---------------- ##

ac_cv_build=i686-pc-linux-gnu
ac_cv_c_compiler_gnu=yes
ac_cv_c_inline=inline
ac_cv_cxx_compiler_gnu=yes
ac_cv_env_CCC_set=
ac_cv_env_CCC_value=
ac_cv_env_CC_set=
ac_cv_env_CC_value=
ac_cv_env_CFLAGS_set=
ac_cv_env_CFLAGS_value=
ac_cv_env_CPPFLAGS_set=
ac_cv_env_CPPFLAGS_value=
ac_cv_env_CPP_set=
ac_cv_env_CPP_value=
ac_cv_env_CXXCPP_set=
ac_cv_env_CXXCPP_value=
ac_cv_env_CXXFLAGS_set=
ac_cv_env_CXXFLAGS_value=
ac_cv_env_CXX_set=
ac_cv_env_CXX_value=
ac_cv_env_LDFLAGS_set=
ac_cv_env_LDFLAGS_value=
ac_cv_env_LIBS_set=
ac_cv_env_LIBS_value=
ac_cv_env_build_alias_set=
ac_cv_env_build_alias_value=
ac_cv_env_host_alias_set=
ac_cv_env_host_alias_value=
ac_cv_env_target_alias_set=
ac_cv_env_target_alias_value=
ac_cv_func_bzero=yes
ac_cv_func_floor=yes
ac_cv_func_socket=yes
ac_cv_func_sqrt=yes
ac_cv_header_SerialStream_h=yes
ac_cv_header_boost_thread_hpp=yes
ac_cv_header_dlfcn_h=yes
ac_cv_header_inttypes_h=yes
ac_cv_header_memory_h=yes
ac_cv_header_netinet_in_h=yes
ac_cv_header_ruby_h=yes
ac_cv_header_stdbool_h=yes
ac_cv_header_stdc=yes
ac_cv_header_stdint_h=yes
ac_cv_header_stdlib_h=yes
ac_cv_header_string_h=yes
ac_cv_header_strings_h=yes
ac_cv_header_sys_socket_h=yes
ac_cv_header_sys_stat_h=yes
ac_cv_header_sys_types_h=yes
ac_cv_header_unistd_h=yes
ac_cv_header_usb_h=yes
ac_cv_host=i686-pc-linux-gnu
ac_cv_lib_m_sqrt=yes
ac_cv_lib_pthread_pthread_create=yes
ac_cv_objext=o
ac_cv_path_EGREP='/bin/grep -E'
ac_cv_path_FGREP='/bin/grep -F'
ac_cv_path_GREP=/bin/grep
ac_cv_path_SED=/bin/sed
ac_cv_path_install='/usr/bin/install -c'
ac_cv_path_mkdir=/bin/mkdir
ac_cv_prog_AWK=mawk
ac_cv_prog_CPP='gcc -E'
ac_cv_prog_CXXCPP='g++ -E'
ac_cv_prog_SWIG=:
ac_cv_prog_ac_ct_AR=ar
ac_cv_prog_ac_ct_CC=gcc
ac_cv_prog_ac_ct_CXX=g++
ac_cv_prog_ac_ct_OBJDUMP=objdump
ac_cv_prog_ac_ct_RANLIB=ranlib
ac_cv_prog_ac_ct_STRIP=strip
ac_cv_prog_cc_c89=
ac_cv_prog_cc_g=yes
ac_cv_prog_cxx_g=yes
ac_cv_prog_make_make_set=yes
ac_cv_type__Bool=no
am_cv_CC_dependencies_compiler_type=gcc3
am_cv_CXX_dependencies_compiler_type=gcc3
lt_cv_deplibs_check_method=pass_all
lt_cv_file_magic_cmd='$MAGIC_CMD'
lt_cv_file_magic_test_file=
lt_cv_ld_reload_flag=-r
lt_cv_nm_interface='BSD nm'
lt_cv_objdir=.libs
lt_cv_path_LD=/usr/bin/ld
lt_cv_path_LDCXX=/usr/bin/ld
lt_cv_path_NM='/usr/bin/nm -B'
lt_cv_prog_compiler_c_o=yes
lt_cv_prog_compiler_c_o_CXX=yes
lt_cv_prog_compiler_pic_works=yes
lt_cv_prog_compiler_pic_works_CXX=yes
lt_cv_prog_compiler_rtti_exceptions=no
lt_cv_prog_compiler_static_works=yes
lt_cv_prog_compiler_static_works_CXX=yes
lt_cv_prog_gnu_ld=yes
lt_cv_prog_gnu_ldcxx=yes
lt_cv_sys_global_symbol_pipe='sed -n -e '\''s/^.*[	 ]\([ABCDGIRSTW][ABCDGIRSTW]*\)[	 ][	 ]*\([_A-Za-z][_A-Za-z0-9]*\)$/\1 \2 \2/p'\'''
lt_cv_sys_global_symbol_to_c_name_address='sed -n -e '\''s/^: \([^ ]*\) $/  {\"\1\", (void *) 0},/p'\'' -e '\''s/^[ABCDGIRSTW]* \([^ ]*\) \([^ ]*\)$/  {"\2", (void *) \&\2},/p'\'''
lt_cv_sys_global_symbol_to_c_name_address_lib_prefix='sed -n -e '\''s/^: \([^ ]*\) $/  {\"\1\", (void *) 0},/p'\'' -e '\''s/^[ABCDGIRSTW]* \([^ ]*\) \(lib[^ ]*\)$/  {"\2", (void *) \&\2},/p'\'' -e '\''s/^[ABCDGIRSTW]* \([^ ]*\) \([^ ]*\)$/  {"lib\2", (void *) \&\2},/p'\'''
lt_cv_sys_global_symbol_to_cdecl='sed -n -e '\''s/^T .* \(.*\)$/extern int \1();/p'\'' -e '\''s/^[ABCDGIRSTW]* .* \(.*\)$/extern char \1;/p'\'''
lt_cv_sys_max_cmd_len=805306365

## ----------------- ##
## Output variables. ##
## ----------------- ##

ACLOCAL='${SHELL} /home/intech/intech/TechTheKing/baseRoulante/PC/cpp/missing --run aclocal-1.11'
AMDEPBACKSLASH='\'
AMDEP_FALSE='#'
AMDEP_TRUE=''
AMTAR='${SHELL} /home/intech/intech/TechTheKing/baseRoulante/PC/cpp/missing --run tar'
AR='ar'
AUTOCONF='${SHELL} /home/intech/intech/TechTheKing/baseRoulante/PC/cpp/missing --run autoconf'
AUTOHEADER='${SHELL} /home/intech/intech/TechTheKing/baseRoulante/PC/cpp/missing --run autoheader'
AUTOMAKE='${SHELL} /home/intech/intech/TechTheKing/baseRoulante/PC/cpp/missing --run automake-1.11'
AWK='mawk'
CC='gcc'
CCDEPMODE='depmode=gcc3'
CFLAGS='-g -O2'
CPP='gcc -E'
CPPFLAGS=' -g -O2 -pthread -I/usr/include/ImageMagick -I/usr/lib/ruby/1.8/i686-linux/'
CXX='g++'
CXXCPP='g++ -E'
CXXDEPMODE='depmode=gcc3'
CXXFLAGS='-g -O2'
CYGPATH_W='echo'
DEFS='-DHAVE_CONFIG_H'
DEPDIR='.deps'
DSYMUTIL=''
DUMPBIN=''
ECHO_C=''
ECHO_N='-n'
ECHO_T=''
EGREP='/bin/grep -E'
EXEEXT=''
FGREP='/bin/grep -F'
GREP='/bin/grep'
INSTALL_DATA='${INSTALL} -m 644'
INSTALL_PROGRAM='${INSTALL}'
INSTALL_SCRIPT='${INSTALL}'
INSTALL_STRIP_PROGRAM='$(install_sh) -c -s'
LD='/usr/bin/ld'
LDFLAGS=' -L/usr/lib -Wl,-Bsymbolic-functions -L/usr/lib/X11 -L/usr/lib -lMagick++ -lMagickWand -lMagickCore -llcms -ltiff -lfreetype -ljpeg -llqr-1 -lglib-2.0 -lfontconfig -lXext -lSM -lICE -lX11 -lXt -lbz2 -lz -lm -lgomp -lpthread -lltdl -lboost_thread -lserial -lusb -lm'
LIBOBJS=''
LIBS='-lpthread -lm '
LIBTOOL='$(SHELL) $(top_builddir)/libtool'
LIPO=''
LN_S='ln -s'
LTLIBOBJS=''
MAKEINFO='${SHELL} /home/intech/intech/TechTheKing/baseRoulante/PC/cpp/missing --run makeinfo'
MKDIR_P='/bin/mkdir -p'
NM='/usr/bin/nm -B'
NMEDIT=''
OBJDUMP='objdump'
OBJEXT='o'
OTOOL64=''
OTOOL=''
PACKAGE='libChessUp'
PACKAGE_BUGREPORT=''
PACKAGE_NAME=''
PACKAGE_STRING=''
PACKAGE_TARNAME=''
PACKAGE_URL=''
PACKAGE_VERSION=''
PATH_SEPARATOR=':'
RANLIB='ranlib'
SED='/bin/sed'
SET_MAKE=''
SHELL='/bin/bash'
STRIP='strip'
SWIG=':'
VERSION='0.5'
ac_ct_CC='gcc'
ac_ct_CXX='g++'
ac_ct_DUMPBIN=''
am__EXEEXT_FALSE=''
am__EXEEXT_TRUE='#'
am__fastdepCC_FALSE='#'
am__fastdepCC_TRUE=''
am__fastdepCXX_FALSE='#'
am__fastdepCXX_TRUE=''
am__include='include'
am__isrc=''
am__leading_dot='.'
am__quote=''
am__tar='${AMTAR} chof - "$$tardir"'
am__untar='${AMTAR} xf -'
bindir='${exec_prefix}/bin'
build='i686-pc-linux-gnu'
build_alias=''
build_cpu='i686'
build_os='linux-gnu'
build_vendor='pc'
datadir='${datarootdir}'
datarootdir='${prefix}/share'
docdir='${datarootdir}/doc/${PACKAGE}'
dvidir='${docdir}'
exec_prefix='${prefix}'
host='i686-pc-linux-gnu'
host_alias=''
host_cpu='i686'
host_os='linux-gnu'
host_vendor='pc'
htmldir='${docdir}'
includedir='${prefix}/include'
infodir='${datarootdir}/info'
install_sh='${SHELL} /home/intech/intech/TechTheKing/baseRoulante/PC/cpp/install-sh'
libdir='${exec_prefix}/lib'
libexecdir='${exec_prefix}/libexec'
localedir='${datarootdir}/locale'
localstatedir='${prefix}/var'
lt_ECHO='echo'
mandir='${datarootdir}/man'
mkdir_p='/bin/mkdir -p'
oldincludedir='/usr/include'
pdfdir='${docdir}'
prefix='/usr/local'
program_transform_name='s,x,x,'
psdir='${docdir}'
sbindir='${exec_prefix}/sbin'
sharedstatedir='${prefix}/com'
sysconfdir='${prefix}/etc'
target_alias=''

## ----------- ##
## confdefs.h. ##
## ----------- ##

/* confdefs.h */
#define PACKAGE_NAME ""
#define PACKAGE_TARNAME ""
#define PACKAGE_VERSION ""
#define PACKAGE_STRING ""
#define PACKAGE_BUGREPORT ""
#define PACKAGE_URL ""
#define PACKAGE "libChessUp"
#define VERSION "0.5"
#define STDC_HEADERS 1
#define HAVE_SYS_TYPES_H 1
#define HAVE_SYS_STAT_H 1
#define HAVE_STDLIB_H 1
#define HAVE_STRING_H 1
#define HAVE_MEMORY_H 1
#define HAVE_STRINGS_H 1
#define HAVE_INTTYPES_H 1
#define HAVE_STDINT_H 1
#define HAVE_UNISTD_H 1
#define HAVE_DLFCN_H 1
#define LT_OBJDIR ".libs/"
#define DEBUG_GRAPHIQUE /**/
#define DEBUG /**/
#define HAVE_BOOST_THREAD_HPP 1
#define HAVE_SERIALSTREAM_H 1
#define HAVE_USB_H 1
#define HAVE_RUBY_H 1
#define HAVE_LIBM 1
#define HAVE_LIBPTHREAD 1
#define HAVE_NETINET_IN_H 1
#define HAVE_STDLIB_H 1
#define HAVE_STRING_H 1
#define HAVE_SYS_SOCKET_H 1
#define HAVE_UNISTD_H 1
#define HAVE_STDBOOL_H 1
#define HAVE_BZERO 1
#define HAVE_FLOOR 1
#define HAVE_SOCKET 1
#define HAVE_SQRT 1

configure: exit 0

## ---------------------- ##
## Running config.status. ##
## ---------------------- ##

This file was extended by config.status, which was
generated by GNU Autoconf 2.67.  Invocation command line was

  CONFIG_FILES    = 
  CONFIG_HEADERS  = 
  CONFIG_LINKS    = 
  CONFIG_COMMANDS = 
  $ ./config.status 

on intech-701

config.status:1151: creating Makefile
config.status:1151: creating src/Makefile
config.status:1151: creating config.h
config.status:1331: config.h is unchanged
config.status:1379: executing depfiles commands
config.status:1379: executing libtool commands

## ---------------------- ##
## Running config.status. ##
## ---------------------- ##

This file was extended by config.status, which was
generated by GNU Autoconf 2.67.  Invocation command line was

  CONFIG_FILES    = 
  CONFIG_HEADERS  = 
  CONFIG_LINKS    = 
  CONFIG_COMMANDS = 
  $ ./config.status config.h

on intech-701

config.status:1151: creating config.h
config.status:1331: config.h is unchanged
